[debug] ----------------------------------------------------------------------
[debug] Command:      /usr/local/Cellar/node/6.4.0/bin/node /Users/Sarsha/.npm-packages/bin/firebase deploy
[debug] CLI Version:  3.0.8
[debug] Platform:     darwin
[debug] Node Version: v6.4.0
[debug] Time:         Sun Oct 16 2016 12:44:14 GMT+0300 (IDT)
[debug] ----------------------------------------------------------------------
[debug] 
[debug] > command requires scopes: ["email","openid","https://www.googleapis.com/auth/cloudplatformprojects.readonly","https://www.googleapis.com/auth/firebase"]
[debug] >>> HTTP REQUEST GET https://admin.firebase.com/v1/projects/projectmonitor-45412 
[debug] <<< HTTP RESPONSE 200
[debug] >>> HTTP REQUEST GET https://admin.firebase.com/v1/database/projectmonitor-45412/tokens 
[debug] <<< HTTP RESPONSE 200
[info] 
[info] === Deploying to 'projectmonitor-45412'...
[info] 
[info] i  deploying database, hosting
[info] ✔  database: rules ready to deploy.
[info] i  hosting: preparing dist directory for upload...
[debug] >>> HTTP REQUEST PUT https://deploy.firebase.com/v1/hosting/projectmonitor-45412/uploads/-KUBs9_Uj9sdQHGl77O8?fileCount=6&message= 
